2016-03-01 19:04:45,963 1      [      Thread-10] ERROR urce.Storage2UriMapperJavaImpl  - 
java.lang.NullPointerException
	at org.eclipse.m2e.jdt.internal.MavenClasspathContainerInitializer.getBuildPathManager(MavenClasspathContainerInitializer.java:80)
	at org.eclipse.m2e.jdt.internal.MavenClasspathContainerInitializer.initialize(MavenClasspathContainerInitializer.java:46)
	at org.eclipse.jdt.internal.core.JavaModelManager.initializeContainer(JavaModelManager.java:2868)
	at org.eclipse.jdt.internal.core.JavaModelManager$10.run(JavaModelManager.java:2774)
	at org.eclipse.core.internal.resources.Workspace.run(Workspace.java:2241)
	at org.eclipse.jdt.internal.core.JavaModelManager.initializeAllContainers(JavaModelManager.java:2814)
	at org.eclipse.jdt.internal.core.JavaModelManager.getClasspathContainer(JavaModelManager.java:1895)
	at org.eclipse.jdt.core.JavaCore.getClasspathContainer(JavaCore.java:3298)
	at org.eclipse.jdt.internal.core.JavaProject.resolveClasspath(JavaProject.java:2693)
	at org.eclipse.jdt.internal.core.JavaProject.resolveClasspath(JavaProject.java:2857)
	at org.eclipse.jdt.internal.core.JavaProject.getResolvedClasspath(JavaProject.java:1962)
	at org.eclipse.jdt.internal.core.JavaProject.getClasspathEntryFor(JavaProject.java:1441)
	at org.eclipse.jdt.internal.core.PackageFragmentRoot.findSourceAttachmentRecommendation(PackageFragmentRoot.java:363)
	at org.eclipse.jdt.internal.core.PackageFragmentRoot.getSourceAttachmentPath(PackageFragmentRoot.java:623)
	at org.eclipse.xtext.ui.resource.SourceAttachmentPackageFragmentRootWalker.traverse(SourceAttachmentPackageFragmentRootWalker.java:78)
	at org.eclipse.xtext.ui.resource.Storage2UriMapperJavaImpl.initializeData(Storage2UriMapperJavaImpl.java:321)
	at org.eclipse.xtext.ui.resource.Storage2UriMapperJavaImpl.getCachedData(Storage2UriMapperJavaImpl.java:241)
	at org.eclipse.xtext.ui.resource.Storage2UriMapperJavaImpl.updateCache(Storage2UriMapperJavaImpl.java:457)
	at org.eclipse.xtext.ui.resource.Storage2UriMapperJavaImpl.access$6(Storage2UriMapperJavaImpl.java:450)
	at org.eclipse.xtext.ui.resource.Storage2UriMapperJavaImpl$4.run(Storage2UriMapperJavaImpl.java:646)
	at org.eclipse.core.internal.resources.Workspace.run(Workspace.java:2241)
	at org.eclipse.xtext.ui.resource.Storage2UriMapperJavaImpl.doInitializeCache(Storage2UriMapperJavaImpl.java:658)
	at org.eclipse.xtext.ui.resource.Storage2UriMapperJavaImpl.access$2(Storage2UriMapperJavaImpl.java:637)
	at org.eclipse.xtext.ui.resource.Storage2UriMapperJavaImpl$3.run(Storage2UriMapperJavaImpl.java:626)
	at java.lang.Thread.run(Thread.java:745)
2016-03-03 18:57:17,993 1      [.JavaReconciler] ERROR nal.ExecutableExtensionFactory  - 
java.lang.NullPointerException
	at org.eclipse.xtext.ui.guice.AbstractGuiceAwareExecutableExtensionFactory.create(AbstractGuiceAwareExecutableExtensionFactory.java:52)
	at org.eclipse.core.internal.registry.ConfigurationElement.createExecutableExtension(ConfigurationElement.java:262)
	at org.eclipse.core.internal.registry.ConfigurationElementHandle.createExecutableExtension(ConfigurationElementHandle.java:55)
	at org.eclipse.jdt.internal.core.JavaModelManager$CompilationParticipants$1.run(JavaModelManager.java:344)
	at org.eclipse.core.runtime.SafeRunner.run(SafeRunner.java:42)
	at org.eclipse.jdt.internal.core.JavaModelManager$CompilationParticipants.getCompilationParticipants(JavaModelManager.java:339)
	at org.eclipse.jdt.internal.core.ReconcileWorkingCopyOperation.notifyParticipants(ReconcileWorkingCopyOperation.java:239)
	at org.eclipse.jdt.internal.core.ReconcileWorkingCopyOperation.executeOperation(ReconcileWorkingCopyOperation.java:95)
	at org.eclipse.jdt.internal.core.JavaModelOperation.run(JavaModelOperation.java:729)
	at org.eclipse.jdt.internal.core.JavaModelOperation.runOperation(JavaModelOperation.java:789)
	at org.eclipse.jdt.internal.core.CompilationUnit.reconcile(CompilationUnit.java:1250)
	at org.eclipse.jdt.internal.ui.text.java.JavaReconcilingStrategy.reconcile(JavaReconcilingStrategy.java:126)
	at org.eclipse.jdt.internal.ui.text.java.JavaReconcilingStrategy.access$0(JavaReconcilingStrategy.java:108)
	at org.eclipse.jdt.internal.ui.text.java.JavaReconcilingStrategy$1.run(JavaReconcilingStrategy.java:89)
	at org.eclipse.core.runtime.SafeRunner.run(SafeRunner.java:42)
	at org.eclipse.jdt.internal.ui.text.java.JavaReconcilingStrategy.reconcile(JavaReconcilingStrategy.java:87)
	at org.eclipse.jdt.internal.ui.text.java.JavaReconcilingStrategy.initialReconcile(JavaReconcilingStrategy.java:178)
	at org.eclipse.jdt.internal.ui.text.CompositeReconcilingStrategy.initialReconcile(CompositeReconcilingStrategy.java:114)
	at org.eclipse.jdt.internal.ui.text.JavaCompositeReconcilingStrategy.initialReconcile(JavaCompositeReconcilingStrategy.java:136)
	at org.eclipse.jface.text.reconciler.MonoReconciler.initialProcess(MonoReconciler.java:105)
	at org.eclipse.jdt.internal.ui.text.JavaReconciler.initialProcess(JavaReconciler.java:406)
	at org.eclipse.jface.text.reconciler.AbstractReconciler$BackgroundThread.run(AbstractReconciler.java:173)
2016-03-16 20:42:46,596 1      [.JavaReconciler] ERROR nal.ExecutableExtensionFactory  - 
java.lang.NullPointerException
	at org.eclipse.xtext.ui.guice.AbstractGuiceAwareExecutableExtensionFactory.create(AbstractGuiceAwareExecutableExtensionFactory.java:52)
	at org.eclipse.core.internal.registry.ConfigurationElement.createExecutableExtension(ConfigurationElement.java:262)
	at org.eclipse.core.internal.registry.ConfigurationElementHandle.createExecutableExtension(ConfigurationElementHandle.java:55)
	at org.eclipse.jdt.internal.core.JavaModelManager$CompilationParticipants$1.run(JavaModelManager.java:344)
	at org.eclipse.core.runtime.SafeRunner.run(SafeRunner.java:42)
	at org.eclipse.jdt.internal.core.JavaModelManager$CompilationParticipants.getCompilationParticipants(JavaModelManager.java:339)
	at org.eclipse.jdt.internal.core.ReconcileWorkingCopyOperation.notifyParticipants(ReconcileWorkingCopyOperation.java:239)
	at org.eclipse.jdt.internal.core.ReconcileWorkingCopyOperation.executeOperation(ReconcileWorkingCopyOperation.java:95)
	at org.eclipse.jdt.internal.core.JavaModelOperation.run(JavaModelOperation.java:729)
	at org.eclipse.jdt.internal.core.JavaModelOperation.runOperation(JavaModelOperation.java:789)
	at org.eclipse.jdt.internal.core.CompilationUnit.reconcile(CompilationUnit.java:1250)
	at org.eclipse.jdt.internal.ui.text.java.JavaReconcilingStrategy.reconcile(JavaReconcilingStrategy.java:126)
	at org.eclipse.jdt.internal.ui.text.java.JavaReconcilingStrategy.access$0(JavaReconcilingStrategy.java:108)
	at org.eclipse.jdt.internal.ui.text.java.JavaReconcilingStrategy$1.run(JavaReconcilingStrategy.java:89)
	at org.eclipse.core.runtime.SafeRunner.run(SafeRunner.java:42)
	at org.eclipse.jdt.internal.ui.text.java.JavaReconcilingStrategy.reconcile(JavaReconcilingStrategy.java:87)
	at org.eclipse.jdt.internal.ui.text.java.JavaReconcilingStrategy.initialReconcile(JavaReconcilingStrategy.java:178)
	at org.eclipse.jdt.internal.ui.text.CompositeReconcilingStrategy.initialReconcile(CompositeReconcilingStrategy.java:114)
	at org.eclipse.jdt.internal.ui.text.JavaCompositeReconcilingStrategy.initialReconcile(JavaCompositeReconcilingStrategy.java:136)
	at org.eclipse.jface.text.reconciler.MonoReconciler.initialProcess(MonoReconciler.java:105)
	at org.eclipse.jdt.internal.ui.text.JavaReconciler.initialProcess(JavaReconciler.java:406)
	at org.eclipse.jface.text.reconciler.AbstractReconciler$BackgroundThread.run(AbstractReconciler.java:173)
2016-05-16 19:54:36,287 0      [.JavaReconciler] ERROR nal.ExecutableExtensionFactory  - 
java.lang.NullPointerException
	at org.eclipse.xtext.ui.guice.AbstractGuiceAwareExecutableExtensionFactory.create(AbstractGuiceAwareExecutableExtensionFactory.java:52)
	at org.eclipse.core.internal.registry.ConfigurationElement.createExecutableExtension(ConfigurationElement.java:262)
	at org.eclipse.core.internal.registry.ConfigurationElementHandle.createExecutableExtension(ConfigurationElementHandle.java:55)
	at org.eclipse.jdt.internal.core.JavaModelManager$CompilationParticipants$1.run(JavaModelManager.java:344)
	at org.eclipse.core.runtime.SafeRunner.run(SafeRunner.java:42)
	at org.eclipse.jdt.internal.core.JavaModelManager$CompilationParticipants.getCompilationParticipants(JavaModelManager.java:339)
	at org.eclipse.jdt.internal.core.ReconcileWorkingCopyOperation.notifyParticipants(ReconcileWorkingCopyOperation.java:239)
	at org.eclipse.jdt.internal.core.ReconcileWorkingCopyOperation.executeOperation(ReconcileWorkingCopyOperation.java:95)
	at org.eclipse.jdt.internal.core.JavaModelOperation.run(JavaModelOperation.java:729)
	at org.eclipse.jdt.internal.core.JavaModelOperation.runOperation(JavaModelOperation.java:789)
	at org.eclipse.jdt.internal.core.CompilationUnit.reconcile(CompilationUnit.java:1250)
	at org.eclipse.jdt.internal.ui.text.java.JavaReconcilingStrategy.reconcile(JavaReconcilingStrategy.java:126)
	at org.eclipse.jdt.internal.ui.text.java.JavaReconcilingStrategy.access$0(JavaReconcilingStrategy.java:108)
	at org.eclipse.jdt.internal.ui.text.java.JavaReconcilingStrategy$1.run(JavaReconcilingStrategy.java:89)
	at org.eclipse.core.runtime.SafeRunner.run(SafeRunner.java:42)
	at org.eclipse.jdt.internal.ui.text.java.JavaReconcilingStrategy.reconcile(JavaReconcilingStrategy.java:87)
	at org.eclipse.jdt.internal.ui.text.java.JavaReconcilingStrategy.initialReconcile(JavaReconcilingStrategy.java:178)
	at org.eclipse.jdt.internal.ui.text.CompositeReconcilingStrategy.initialReconcile(CompositeReconcilingStrategy.java:114)
	at org.eclipse.jdt.internal.ui.text.JavaCompositeReconcilingStrategy.initialReconcile(JavaCompositeReconcilingStrategy.java:136)
	at org.eclipse.jface.text.reconciler.MonoReconciler.initialProcess(MonoReconciler.java:105)
	at org.eclipse.jdt.internal.ui.text.JavaReconciler.initialProcess(JavaReconciler.java:406)
	at org.eclipse.jface.text.reconciler.AbstractReconciler$BackgroundThread.run(AbstractReconciler.java:173)
